dh_installdirs
dh_installdirs
dh_installdocs
dh_installexamples
dh_installman
dh_link
dh_compress
dh_fixperms
dh_installdeb
dh_shlibdeps
dh_gencontrol
dh_md5sums
dh_builddeb
dh_builddeb
dh_installdirs
dh_installdocs
dh_installexamples
dh_installman
dh_link
dh_compress
dh_fixperms
dh_installdeb
dh_shlibdeps
dh_gencontrol
dh_md5sums
dh_builddeb
dh_builddeb
dh_installdirs
dh_installdocs
dh_installexamples
dh_installman
dh_link
dh_compress
dh_fixperms
dh_installdeb
dh_shlibdeps
dh_gencontrol
dh_md5sums
dh_builddeb
dh_builddeb
dh_installdirs
dh_installdocs
dh_installexamples
dh_installman
dh_link
dh_compress
dh_fixperms
dh_installdeb
dh_shlibdeps
dh_gencontrol
dh_md5sums
dh_builddeb
dh_builddeb
dh_installdirs
dh_install
dh_installdocs
dh_installexamples
dh_installman
dh_link
dh_compress
dh_fixperms
dh_installdeb
dh_shlibdeps
dh_gencontrol
dh_md5sums
dh_builddeb
dh_builddeb
dh_installdirs
dh_installdirs
dh_installdirs
dh_installdirs
dh_installdirs
dh_installdirs
dh_installdirs
dh_installdirs
dh_install
dh_installdocs
dh_installexamples
dh_installman
dh_link
dh_compress
dh_fixperms
dh_installdeb
dh_shlibdeps
dh_gencontrol
dh_md5sums
dh_builddeb
dh_builddeb
dh_installdirs
dh_install
dh_installdocs
dh_installexamples
dh_installman
dh_link
dh_compress
dh_fixperms
dh_installdeb
dh_shlibdeps
dh_gencontrol
dh_md5sums
dh_builddeb
dh_builddeb
dh_installdirs
dh_install
dh_installdocs
dh_installexamples
dh_installman
dh_link
dh_compress
dh_fixperms
dh_installdeb
dh_shlibdeps
dh_gencontrol
dh_md5sums
dh_builddeb
dh_builddeb
